<?xml version="1.0" encoding="UTF-8"?>
<!-- Generated by org.testng.reporters.JUnitReportReporter -->
<testsuite skipped="0" hostname="Ashirbad" name="fileHandling.FileHandling" tests="1" failures="0" timestamp="20 Aug 2019 17:30:57 GMT" time="4.162" errors="0">
  <testcase name="handlingFiles" time="4.162" classname="fileHandling.FileHandling"/>
</testsuite> <!-- fileHandling.FileHandling -->
