<?xml version="1.0" encoding="UTF-8"?>
<!-- Generated by org.testng.reporters.JUnitReportReporter -->
<testsuite skipped="0" hostname="Ashirbad" name="map.MapFunction1" tests="1" failures="0" timestamp="26 May 2019 12:49:45 GMT" time="0.008" errors="0">
  <testcase name="printMapElements2" time="0.008" classname="map.MapFunction1"/>
</testsuite> <!-- map.MapFunction1 -->
