<?xml version="1.0" encoding="UTF-8"?>
<!-- Generated by org.testng.reporters.JUnitReportReporter -->
<testsuite skipped="0" hostname="Ashirbad" name="create_FilesAndFolders.CreateFolderAndSubFolders" tests="1" failures="0" timestamp="22 Jun 2019 19:55:42 GMT" time="0.009" errors="0">
  <testcase name="createFolder" time="0.009" classname="create_FilesAndFolders.CreateFolderAndSubFolders"/>
</testsuite> <!-- create_FilesAndFolders.CreateFolderAndSubFolders -->
