<?xml version="1.0" encoding="UTF-8"?>
<!-- Generated by org.testng.reporters.JUnitReportReporter -->
<testsuite skipped="0" hostname="Ashirbad" name="getAllPredictionText" tests="1" failures="0" timestamp="22 Jun 2019 14:00:04 GMT" time="3.366" errors="0">
  <testcase name="logic" time="3.366" classname="getAllPredictionText"/>
</testsuite> <!-- getAllPredictionText -->
