<?xml version="1.0" encoding="UTF-8"?>
<!-- Generated by org.testng.reporters.JUnitReportReporter -->
<testsuite skipped="0" hostname="Ashirbad" name="comparableInterfaceTest.RunnerForLaptop" tests="1" failures="0" timestamp="14 May 2019 17:12:23 GMT" time="0.006" errors="0">
  <testcase name="runnerCheck" time="0.006" classname="comparableInterfaceTest.RunnerForLaptop"/>
</testsuite> <!-- comparableInterfaceTest.RunnerForLaptop -->
