<?xml version="1.0" encoding="UTF-8"?>
<!-- Generated by org.testng.reporters.JUnitReportReporter -->
<testsuite skipped="0" hostname="Ashirbad" name="programs.PowerFunction" tests="1" failures="0" timestamp="26 May 2019 11:34:49 GMT" time="0.008" errors="0">
  <testcase name="powerFunctionalityChecker" time="0.008" classname="programs.PowerFunction"/>
</testsuite> <!-- programs.PowerFunction -->
