<?xml version="1.0" encoding="UTF-8"?>
<!-- Generated by org.testng.reporters.JUnitReportReporter -->
<testsuite skipped="0" hostname="Ashirbad" name="collections.DuplicateValuePrint" tests="1" failures="0" timestamp="21 Sep 2019 01:49:05 GMT" time="0.016" errors="0">
  <testcase name="duplciateDataChecker" time="0.016" classname="collections.DuplicateValuePrint"/>
</testsuite> <!-- collections.DuplicateValuePrint -->
