<?xml version="1.0" encoding="UTF-8"?>
<!-- Generated by org.testng.reporters.JUnitReportReporter -->
<testsuite skipped="0" hostname="Ashirbad" name="amazonQAE.FindNearestPalindrom" tests="1" failures="0" timestamp="06 Jul 2019 19:14:12 GMT" time="2.183" errors="0">
  <testcase name="numberChecker" time="2.183" classname="amazonQAE.FindNearestPalindrom"/>
</testsuite> <!-- amazonQAE.FindNearestPalindrom -->
