<?xml version="1.0" encoding="UTF-8"?>
<!-- Generated by org.testng.reporters.JUnitReportReporter -->
<testsuite skipped="0" hostname="Ashirbad" name="amazonQAE.FindProductOf2ConsecutiveIntegersInAnArray" tests="1" failures="0" timestamp="08 Jul 2019 18:15:09 GMT" time="0.010" errors="0">
  <testcase name="caller" time="0.010" classname="amazonQAE.FindProductOf2ConsecutiveIntegersInAnArray"/>
</testsuite> <!-- amazonQAE.FindProductOf2ConsecutiveIntegersInAnArray -->
