<?xml version="1.0" encoding="UTF-8"?>
<!-- Generated by org.testng.reporters.JUnitReportReporter -->
<testsuite skipped="0" hostname="Ashirbad" name="excelReader.ExcelReader" tests="2" failures="0" timestamp="06 May 2019 18:34:57 GMT" time="0.007" errors="0">
  <testcase name="dataProviderExample" time="0.001" classname="excelReader.ExcelReader"/>
  <testcase name="dataProviderExample" time="0.006" classname="excelReader.ExcelReader"/>
</testsuite> <!-- excelReader.ExcelReader -->
