<?xml version="1.0" encoding="UTF-8"?>
<!-- Generated by org.testng.reporters.JUnitReportReporter -->
<testsuite skipped="0" hostname="Ashirbad" name="amazonQAE.StringManipulation1_AmazonQAE" tests="1" failures="0" timestamp="07 Jul 2019 18:47:50 GMT" time="0.008" errors="0">
  <testcase name="testLogic" time="0.008" classname="amazonQAE.StringManipulation1_AmazonQAE"/>
</testsuite> <!-- amazonQAE.StringManipulation1_AmazonQAE -->
