<?xml version="1.0" encoding="UTF-8"?>
<!-- Generated by org.testng.reporters.JUnitReportReporter -->
<testsuite skipped="0" hostname="Ashirbad" name="exception.FinallyUses" tests="1" failures="0" timestamp="19 May 2019 14:13:08 GMT" time="0.000" errors="0">
  <testcase name="testFinallyMethod1" time="0.000" classname="exception.FinallyUses"/>
</testsuite> <!-- exception.FinallyUses -->
