<?xml version="1.0" encoding="UTF-8"?>
<!-- Generated by org.testng.reporters.JUnitReportReporter -->
<testsuite skipped="0" hostname="Ashirbad" name="webAutomation.WindowHandles" tests="1" failures="0" timestamp="26 May 2019 07:04:50 GMT" time="2.111" errors="0">
  <testcase name="getWindowCount" time="2.111" classname="webAutomation.WindowHandles"/>
</testsuite> <!-- webAutomation.WindowHandles -->
