<?xml version="1.0" encoding="UTF-8"?>
<!-- Generated by org.testng.reporters.JUnitReportReporter -->
<testsuite skipped="0" hostname="Ashirbad" name="databaseTesting.DBTest" tests="1" failures="0" timestamp="20 Jun 2019 19:14:28 GMT" time="0.782" errors="0">
  <testcase name="selectDBData" time="0.782" classname="databaseTesting.DBTest"/>
</testsuite> <!-- databaseTesting.DBTest -->
