<?xml version="1.0" encoding="UTF-8"?>
<!-- Generated by org.testng.reporters.JUnitReportReporter -->
<testsuite skipped="0" hostname="Ashirbad" name="amazonQAE.DuplicateElement_AmazonQAE" tests="1" failures="0" timestamp="06 Jul 2019 15:02:44 GMT" time="0.010" errors="0">
  <testcase name="caller" time="0.010" classname="amazonQAE.DuplicateElement_AmazonQAE"/>
</testsuite> <!-- amazonQAE.DuplicateElement_AmazonQAE -->
