<?xml version="1.0" encoding="UTF-8"?>
<!-- Generated by org.testng.reporters.JUnitReportReporter -->
<testsuite skipped="0" hostname="Ashirbad" name="comparatorInterfaceTest.RunnerForLaptop" tests="1" failures="0" timestamp="16 Jun 2019 18:09:21 GMT" time="0.009" errors="0">
  <testcase name="runnerCheck" time="0.009" classname="comparatorInterfaceTest.RunnerForLaptop"/>
</testsuite> <!-- comparatorInterfaceTest.RunnerForLaptop -->
