<?xml version="1.0" encoding="UTF-8"?>
<!-- Generated by org.testng.reporters.JUnitReportReporter -->
<testsuite skipped="0" hostname="Ashirbad" name="map.removeDuplicate_HashMap" tests="1" failures="0" timestamp="05 Jun 2019 08:14:23 GMT" time="4.332" errors="0">
  <testcase name="findDuplicate" time="4.332" classname="map.removeDuplicate_HashMap"/>
</testsuite> <!-- map.removeDuplicate_HashMap -->
