<?xml version="1.0" encoding="UTF-8"?>
<!-- Generated by org.testng.reporters.JUnitReportReporter -->
<testsuite skipped="0" hostname="Ashirbad" name="returnTypes.coVariabtReturnType" tests="1" failures="0" timestamp="25 May 2019 14:42:19 GMT" time="0.007" errors="0">
  <testcase name="caller" time="0.007" classname="returnTypes.coVariabtReturnType"/>
</testsuite> <!-- returnTypes.coVariabtReturnType -->
