<?xml version="1.0" encoding="UTF-8"?>
<!-- Generated by org.testng.reporters.JUnitReportReporter -->
<testsuite skipped="0" hostname="Ashirbad" name="map.MapCount" tests="2" failures="0" timestamp="25 May 2019 10:44:45 GMT" time="0.010" errors="0">
  <testcase name="charCount" time="0.009" classname="map.MapCount"/>
  <testcase name="wordCount" time="0.001" classname="map.MapCount"/>
</testsuite> <!-- map.MapCount -->
